app/build/intermediates/manifest_merge_blame_file/release/manifest-merger-blame-release-report.txt
1<?xml version="1.0" encoding="utf-8"?>
2<manifest xmlns:android="http://schemas.android.com/apk/res/android"
3    package="com.fruitvendorapp"
4    android:versionCode="105"
5    android:versionName="1.1.106" >
6
7    <uses-sdk
8        android:minSdkVersion="19"
8-->src\main\AndroidManifest.xml
9        android:targetSdkVersion="31" />
9-->src\main\AndroidManifest.xml
10
11    <queries>
11-->src\main\AndroidManifest.xml:6:5-15:15
12        <intent>
12-->src\main\AndroidManifest.xml:7:9-11:18
13            <action android:name="android.intent.action.GET_CONTENT" />
13-->src\main\AndroidManifest.xml:8:13-72
13-->src\main\AndroidManifest.xml:8:21-69
14
15            <data android:mimeType="image/*" />
15-->src\main\AndroidManifest.xml:10:19-45
16        </intent>
17        <intent>
17-->src\main\AndroidManifest.xml:12:9-14:18
18            <action android:name="android.media.action.IMAGE_CAPTURE" />
18-->src\main\AndroidManifest.xml:13:13-73
18-->src\main\AndroidManifest.xml:13:21-70
19        </intent>
20    </queries>
21
22    <uses-permission android:name="android.permission.ACCESS_FINE_LOCATION" />
22-->src\main\AndroidManifest.xml:17:5-79
22-->src\main\AndroidManifest.xml:17:22-76
23    <uses-permission android:name="android.permission.ACCESS_COARSE_LOCATION" />
23-->src\main\AndroidManifest.xml:18:5-81
23-->src\main\AndroidManifest.xml:18:22-78
24    <uses-permission android:name="android.permission.INTERNET" />
24-->src\main\AndroidManifest.xml:19:5-67
24-->src\main\AndroidManifest.xml:19:22-64
25    <uses-permission android:name="android.permission.ACCESS_NETWORK_STATE" />
25-->src\main\AndroidManifest.xml:20:5-79
25-->src\main\AndroidManifest.xml:20:22-76
26    <uses-permission android:name="android.permission.READ_EXTERNAL_STORAGE" />
26-->src\main\AndroidManifest.xml:21:5-80
26-->src\main\AndroidManifest.xml:21:22-77
27    <uses-permission android:name="android.permission.READ_PRIVILEGED_PHONE_STATE" />
27-->src\main\AndroidManifest.xml:22:5-24:47
27-->src\main\AndroidManifest.xml:23:9-70
28    <uses-permission
28-->src\main\AndroidManifest.xml:25:5-27:38
29        android:name="android.permission.WRITE_EXTERNAL_STORAGE"
29-->src\main\AndroidManifest.xml:26:9-65
30        android:maxSdkVersion="31" />
30-->src\main\AndroidManifest.xml:27:9-35
31    <uses-permission android:name="android.permission.CAMERA" />
31-->src\main\AndroidManifest.xml:28:5-65
31-->src\main\AndroidManifest.xml:28:22-62
32    <uses-permission android:name="com.google.android.c2dm.permission.RECEIVE" />
32-->src\main\AndroidManifest.xml:29:5-82
32-->src\main\AndroidManifest.xml:29:22-79
33    <uses-permission android:name="android.permission.WAKE_LOCK" />
33-->src\main\AndroidManifest.xml:30:5-68
33-->src\main\AndroidManifest.xml:30:22-65
34    <uses-permission android:name="android.permission.SYSTEM_ALERT_WINDOW" />
34-->src\main\AndroidManifest.xml:31:5-78
34-->src\main\AndroidManifest.xml:31:22-75
35    <uses-permission android:name="android.permission.READ_PHONE_STATE" />
35-->src\main\AndroidManifest.xml:32:5-75
35-->src\main\AndroidManifest.xml:32:22-72
36    <uses-permission android:name="android.permission.CALL_PHONE" />
36-->src\main\AndroidManifest.xml:33:5-69
36-->src\main\AndroidManifest.xml:33:22-66
37
38    <uses-feature
38-->src\main\AndroidManifest.xml:35:5-37:35
39        android:name="android.hardware.camera"
39-->src\main\AndroidManifest.xml:36:9-47
40        android:required="true" />
40-->src\main\AndroidManifest.xml:37:9-32
41
42    <uses-permission android:name="android.permission.ACCESS_WIFI_STATE" />
42-->[com.google.android.libraries.places:places:2.4.0] AndroidManifest.xml:10:5-76
42-->[com.google.android.libraries.places:places:2.4.0] AndroidManifest.xml:10:22-73
43
44    <uses-feature
44-->[com.google.android.gms:play-services-maps:17.0.0] AndroidManifest.xml:26:5-28:35
45        android:glEsVersion="0x00020000"
45-->[com.google.android.gms:play-services-maps:17.0.0] AndroidManifest.xml:27:9-41
46        android:required="true" />
46-->[com.google.android.gms:play-services-maps:17.0.0] AndroidManifest.xml:28:9-32
47
48    <application
48-->src\main\AndroidManifest.xml:39:5-339:19
49        android:name="androidx.multidex.MultiDexApplication"
50        android:allowBackup="false"
50-->src\main\AndroidManifest.xml:40:9-36
51        android:appComponentFactory="androidx.core.app.CoreComponentFactory"
51-->[androidx.core:core:1.7.0-alpha01] AndroidManifest.xml:24:18-86
52        android:hardwareAccelerated="true"
52-->src\main\AndroidManifest.xml:41:9-43
53        android:icon="@mipmap/ic_launcher"
53-->src\main\AndroidManifest.xml:42:9-43
54        android:label="@string/app_name"
54-->src\main\AndroidManifest.xml:43:9-41
55        android:largeHeap="true"
55-->src\main\AndroidManifest.xml:44:9-33
56        android:requestLegacyExternalStorage="true"
56-->src\main\AndroidManifest.xml:45:9-52
57        android:roundIcon="@mipmap/ic_launcher"
57-->src\main\AndroidManifest.xml:46:9-48
58        android:supportsRtl="true"
58-->src\main\AndroidManifest.xml:47:9-35
59        android:theme="@style/AppTheme"
59-->src\main\AndroidManifest.xml:48:9-40
60        android:usesCleartextTraffic="true" >
60-->src\main\AndroidManifest.xml:49:9-44
61        <activity
61-->src\main\AndroidManifest.xml:51:9-55:63
62            android:name="com.fruitvendorapp.activities.AddPromoCodeActivity"
62-->src\main\AndroidManifest.xml:52:13-60
63            android:exported="true"
63-->src\main\AndroidManifest.xml:53:13-36
64            android:screenOrientation="portrait"
64-->src\main\AndroidManifest.xml:54:13-49
65            android:windowSoftInputMode="stateAlwaysHidden" />
65-->src\main\AndroidManifest.xml:55:13-60
66        <activity
66-->src\main\AndroidManifest.xml:56:9-60:63
67            android:name="com.fruitvendorapp.activities.PromoCodeActivity"
67-->src\main\AndroidManifest.xml:57:13-57
68            android:exported="true"
68-->src\main\AndroidManifest.xml:58:13-36
69            android:screenOrientation="portrait"
69-->src\main\AndroidManifest.xml:59:13-49
70            android:windowSoftInputMode="stateAlwaysHidden" />
70-->src\main\AndroidManifest.xml:60:13-60
71        <activity
71-->src\main\AndroidManifest.xml:61:9-65:63
72            android:name="com.fruitvendorapp.activities.SlotSelectionActivity"
72-->src\main\AndroidManifest.xml:62:13-61
73            android:exported="true"
73-->src\main\AndroidManifest.xml:63:13-36
74            android:screenOrientation="portrait"
74-->src\main\AndroidManifest.xml:64:13-49
75            android:windowSoftInputMode="stateAlwaysHidden" />
75-->src\main\AndroidManifest.xml:65:13-60
76        <activity
76-->src\main\AndroidManifest.xml:66:9-70:63
77            android:name="com.fruitvendorapp.activities.AdditionalSettingActivity"
77-->src\main\AndroidManifest.xml:67:13-65
78            android:exported="true"
78-->src\main\AndroidManifest.xml:68:13-36
79            android:screenOrientation="portrait"
79-->src\main\AndroidManifest.xml:69:13-49
80            android:windowSoftInputMode="stateAlwaysHidden" />
80-->src\main\AndroidManifest.xml:70:13-60
81        <activity android:name="com.fruitvendorapp.activities.FAQActivity" />
81-->src\main\AndroidManifest.xml:71:9-60
81-->src\main\AndroidManifest.xml:71:19-57
82        <activity
82-->src\main\AndroidManifest.xml:72:9-76:63
83            android:name="com.fruitvendorapp.activities.NotificationSettingActivity"
83-->src\main\AndroidManifest.xml:73:13-67
84            android:exported="true"
84-->src\main\AndroidManifest.xml:74:13-36
85            android:screenOrientation="portrait"
85-->src\main\AndroidManifest.xml:75:13-49
86            android:windowSoftInputMode="stateAlwaysHidden" />
86-->src\main\AndroidManifest.xml:76:13-60
87        <activity
87-->src\main\AndroidManifest.xml:77:9-81:63
88            android:name="com.fruitvendorapp.activities.TotalCompletedOrderActivity"
88-->src\main\AndroidManifest.xml:78:13-67
89            android:exported="true"
89-->src\main\AndroidManifest.xml:79:13-36
90            android:screenOrientation="portrait"
90-->src\main\AndroidManifest.xml:80:13-49
91            android:windowSoftInputMode="stateAlwaysHidden" />
91-->src\main\AndroidManifest.xml:81:13-60
92        <activity
92-->src\main\AndroidManifest.xml:82:9-86:63
93            android:name="com.fruitvendorapp.activities.TermAndConditionActivity"
93-->src\main\AndroidManifest.xml:83:13-64
94            android:exported="true"
94-->src\main\AndroidManifest.xml:84:13-36
95            android:screenOrientation="portrait"
95-->src\main\AndroidManifest.xml:85:13-49
96            android:windowSoftInputMode="stateAlwaysHidden" />
96-->src\main\AndroidManifest.xml:86:13-60
97        <activity
97-->src\main\AndroidManifest.xml:87:9-91:63
98            android:name="com.fruitvendorapp.activities.CustomerCollectionActivity"
98-->src\main\AndroidManifest.xml:88:13-66
99            android:exported="true"
99-->src\main\AndroidManifest.xml:89:13-36
100            android:screenOrientation="portrait"
100-->src\main\AndroidManifest.xml:90:13-49
101            android:windowSoftInputMode="stateAlwaysHidden" />
101-->src\main\AndroidManifest.xml:91:13-60
102        <activity
102-->src\main\AndroidManifest.xml:92:9-96:63
103            android:name="com.fruitvendorapp.activities.EditProfileActivity"
103-->src\main\AndroidManifest.xml:93:13-59
104            android:exported="true"
104-->src\main\AndroidManifest.xml:94:13-36
105            android:screenOrientation="portrait"
105-->src\main\AndroidManifest.xml:95:13-49
106            android:windowSoftInputMode="stateAlwaysHidden" />
106-->src\main\AndroidManifest.xml:96:13-60
107        <activity
107-->src\main\AndroidManifest.xml:97:9-102:63
108            android:name="com.fruitvendorapp.popups.OrderDetailDeliverPopup"
108-->src\main\AndroidManifest.xml:98:13-59
109            android:exported="true"
109-->src\main\AndroidManifest.xml:99:13-36
110            android:screenOrientation="portrait"
110-->src\main\AndroidManifest.xml:100:13-49
111            android:theme="@style/mytheme"
111-->src\main\AndroidManifest.xml:101:13-43
112            android:windowSoftInputMode="stateAlwaysHidden" />
112-->src\main\AndroidManifest.xml:102:13-60
113        <activity
113-->src\main\AndroidManifest.xml:103:9-107:63
114            android:name="com.fruitvendorapp.activities.OrderRejectionActivity"
114-->src\main\AndroidManifest.xml:104:13-62
115            android:exported="true"
115-->src\main\AndroidManifest.xml:105:13-36
116            android:screenOrientation="portrait"
116-->src\main\AndroidManifest.xml:106:13-49
117            android:windowSoftInputMode="stateAlwaysHidden" />
117-->src\main\AndroidManifest.xml:107:13-60
118        <activity
118-->src\main\AndroidManifest.xml:108:9-112:63
119            android:name="com.fruitvendorapp.activities.VideoPlayActivity"
119-->src\main\AndroidManifest.xml:109:13-57
120            android:exported="true"
120-->src\main\AndroidManifest.xml:110:13-36
121            android:screenOrientation="portrait"
121-->src\main\AndroidManifest.xml:111:13-49
122            android:windowSoftInputMode="stateAlwaysHidden" />
122-->src\main\AndroidManifest.xml:112:13-60
123        <activity
123-->src\main\AndroidManifest.xml:113:9-117:63
124            android:name="com.fruitvendorapp.activities.ChangePasswordActivity"
124-->src\main\AndroidManifest.xml:114:13-62
125            android:exported="true"
125-->src\main\AndroidManifest.xml:115:13-36
126            android:screenOrientation="portrait"
126-->src\main\AndroidManifest.xml:116:13-49
127            android:windowSoftInputMode="stateAlwaysHidden" />
127-->src\main\AndroidManifest.xml:117:13-60
128        <activity
128-->src\main\AndroidManifest.xml:118:9-122:63
129            android:name="com.fruitvendorapp.activities.ShowWebUrlActivity"
129-->src\main\AndroidManifest.xml:119:13-58
130            android:exported="true"
130-->src\main\AndroidManifest.xml:120:13-36
131            android:screenOrientation="portrait"
131-->src\main\AndroidManifest.xml:121:13-49
132            android:windowSoftInputMode="stateAlwaysHidden" />
132-->src\main\AndroidManifest.xml:122:13-60
133        <activity
133-->src\main\AndroidManifest.xml:123:9-127:63
134            android:name="com.fruitvendorapp.activities.SettingActivity"
134-->src\main\AndroidManifest.xml:124:13-55
135            android:exported="true"
135-->src\main\AndroidManifest.xml:125:13-36
136            android:screenOrientation="portrait"
136-->src\main\AndroidManifest.xml:126:13-49
137            android:windowSoftInputMode="stateAlwaysHidden" />
137-->src\main\AndroidManifest.xml:127:13-60
138        <activity
138-->src\main\AndroidManifest.xml:128:9-132:63
139            android:name="com.fruitvendorapp.activities.TrainingActivity"
139-->src\main\AndroidManifest.xml:129:13-56
140            android:exported="true"
140-->src\main\AndroidManifest.xml:130:13-36
141            android:screenOrientation="portrait"
141-->src\main\AndroidManifest.xml:131:13-49
142            android:windowSoftInputMode="stateAlwaysHidden" />
142-->src\main\AndroidManifest.xml:132:13-60
143        <activity
143-->src\main\AndroidManifest.xml:133:9-137:63
144            android:name="com.fruitvendorapp.activities.ContactActivity"
144-->src\main\AndroidManifest.xml:134:13-55
145            android:exported="true"
145-->src\main\AndroidManifest.xml:135:13-36
146            android:screenOrientation="portrait"
146-->src\main\AndroidManifest.xml:136:13-49
147            android:windowSoftInputMode="stateAlwaysHidden" />
147-->src\main\AndroidManifest.xml:137:13-60
148        <activity
148-->src\main\AndroidManifest.xml:138:9-142:63
149            android:name="com.fruitvendorapp.activities.HelpandSupportActivity"
149-->src\main\AndroidManifest.xml:139:13-62
150            android:exported="true"
150-->src\main\AndroidManifest.xml:140:13-36
151            android:screenOrientation="portrait"
151-->src\main\AndroidManifest.xml:141:13-49
152            android:windowSoftInputMode="stateAlwaysHidden" />
152-->src\main\AndroidManifest.xml:142:13-60
153        <activity
153-->src\main\AndroidManifest.xml:143:9-147:63
154            android:name="com.fruitvendorapp.activities.EditAddressActivity"
154-->src\main\AndroidManifest.xml:144:13-59
155            android:exported="true"
155-->src\main\AndroidManifest.xml:145:13-36
156            android:screenOrientation="portrait"
156-->src\main\AndroidManifest.xml:146:13-49
157            android:windowSoftInputMode="stateAlwaysHidden" />
157-->src\main\AndroidManifest.xml:147:13-60
158        <activity
158-->src\main\AndroidManifest.xml:148:9-153:63
159            android:name="com.fruitvendorapp.popups.OrderDetailPickupPopup"
159-->src\main\AndroidManifest.xml:149:13-58
160            android:exported="true"
160-->src\main\AndroidManifest.xml:150:13-36
161            android:screenOrientation="portrait"
161-->src\main\AndroidManifest.xml:151:13-49
162            android:theme="@style/mytheme"
162-->src\main\AndroidManifest.xml:152:13-43
163            android:windowSoftInputMode="stateAlwaysHidden" />
163-->src\main\AndroidManifest.xml:153:13-60
164        <activity
164-->src\main\AndroidManifest.xml:154:9-158:63
165            android:name="com.fruitvendorapp.activities.EditProductActivity"
165-->src\main\AndroidManifest.xml:155:13-59
166            android:exported="true"
166-->src\main\AndroidManifest.xml:156:13-36
167            android:screenOrientation="portrait"
167-->src\main\AndroidManifest.xml:157:13-49
168            android:windowSoftInputMode="stateAlwaysHidden" />
168-->src\main\AndroidManifest.xml:158:13-60
169        <activity
169-->src\main\AndroidManifest.xml:159:9-163:63
170            android:name="com.fruitvendorapp.activities.FilterActivity"
170-->src\main\AndroidManifest.xml:160:13-54
171            android:exported="true"
171-->src\main\AndroidManifest.xml:161:13-36
172            android:screenOrientation="portrait"
172-->src\main\AndroidManifest.xml:162:13-49
173            android:windowSoftInputMode="stateAlwaysHidden" />
173-->src\main\AndroidManifest.xml:163:13-60
174        <activity
174-->src\main\AndroidManifest.xml:164:9-174:20
175            android:name="com.fruitvendorapp.popups.OrderNotificationPopup"
175-->src\main\AndroidManifest.xml:165:13-58
176            android:exported="true"
176-->src\main\AndroidManifest.xml:166:13-36
177            android:screenOrientation="portrait"
177-->src\main\AndroidManifest.xml:167:13-49
178            android:theme="@style/mytheme"
178-->src\main\AndroidManifest.xml:168:13-43
179            android:windowSoftInputMode="stateAlwaysHidden" >
179-->src\main\AndroidManifest.xml:169:13-60
180            <intent-filter>
180-->src\main\AndroidManifest.xml:170:13-173:29
181                <action android:name="OrderNotificationPopup" />
181-->src\main\AndroidManifest.xml:171:17-65
181-->src\main\AndroidManifest.xml:171:25-62
182
183                <category android:name="android.intent.category.DEFAULT" />
183-->src\main\AndroidManifest.xml:172:17-76
183-->src\main\AndroidManifest.xml:172:27-73
184            </intent-filter>
185        </activity>
186        <activity
186-->src\main\AndroidManifest.xml:175:9-179:63
187            android:name="com.fruitvendorapp.activities.OrdersActivity"
187-->src\main\AndroidManifest.xml:176:13-54
188            android:exported="true"
188-->src\main\AndroidManifest.xml:177:13-36
189            android:screenOrientation="portrait"
189-->src\main\AndroidManifest.xml:178:13-49
190            android:windowSoftInputMode="stateAlwaysHidden" />
190-->src\main\AndroidManifest.xml:179:13-60
191        <activity
191-->src\main\AndroidManifest.xml:180:9-184:63
192            android:name="com.fruitvendorapp.activities.ProfileSettingActivity"
192-->src\main\AndroidManifest.xml:181:13-62
193            android:exported="true"
193-->src\main\AndroidManifest.xml:182:13-36
194            android:screenOrientation="portrait"
194-->src\main\AndroidManifest.xml:183:13-49
195            android:windowSoftInputMode="stateAlwaysHidden" />
195-->src\main\AndroidManifest.xml:184:13-60
196        <activity
196-->src\main\AndroidManifest.xml:185:9-189:63
197            android:name="com.fruitvendorapp.activities.NotificationActivity"
197-->src\main\AndroidManifest.xml:186:13-60
198            android:exported="true"
198-->src\main\AndroidManifest.xml:187:13-36
199            android:screenOrientation="portrait"
199-->src\main\AndroidManifest.xml:188:13-49
200            android:windowSoftInputMode="stateAlwaysHidden" />
200-->src\main\AndroidManifest.xml:189:13-60
201        <activity
201-->src\main\AndroidManifest.xml:190:9-194:63
202            android:name="com.fruitvendorapp.activities.ReferAFriendActivity"
202-->src\main\AndroidManifest.xml:191:13-60
203            android:exported="true"
203-->src\main\AndroidManifest.xml:192:13-36
204            android:screenOrientation="portrait"
204-->src\main\AndroidManifest.xml:193:13-49
205            android:windowSoftInputMode="stateAlwaysHidden" />
205-->src\main\AndroidManifest.xml:194:13-60
206        <activity
206-->src\main\AndroidManifest.xml:195:9-199:63
207            android:name="com.fruitvendorapp.activities.MyAddressActivity"
207-->src\main\AndroidManifest.xml:196:13-57
208            android:exported="true"
208-->src\main\AndroidManifest.xml:197:13-36
209            android:screenOrientation="portrait"
209-->src\main\AndroidManifest.xml:198:13-49
210            android:windowSoftInputMode="stateAlwaysHidden" />
210-->src\main\AndroidManifest.xml:199:13-60
211        <activity
211-->src\main\AndroidManifest.xml:200:9-204:63
212            android:name="com.fruitvendorapp.activities.ProductDetailActivity"
212-->src\main\AndroidManifest.xml:201:13-61
213            android:exported="true"
213-->src\main\AndroidManifest.xml:202:13-36
214            android:screenOrientation="portrait"
214-->src\main\AndroidManifest.xml:203:13-49
215            android:windowSoftInputMode="stateAlwaysHidden" />
215-->src\main\AndroidManifest.xml:204:13-60
216        <activity
216-->src\main\AndroidManifest.xml:205:9-209:63
217            android:name="com.fruitvendorapp.activities.UploadProductActivity"
217-->src\main\AndroidManifest.xml:206:13-61
218            android:exported="true"
218-->src\main\AndroidManifest.xml:207:13-36
219            android:screenOrientation="portrait"
219-->src\main\AndroidManifest.xml:208:13-49
220            android:windowSoftInputMode="stateAlwaysHidden" />
220-->src\main\AndroidManifest.xml:209:13-60
221        <activity
221-->src\main\AndroidManifest.xml:210:9-214:63
222            android:name="com.fruitvendorapp.activities.PaymentActivity"
222-->src\main\AndroidManifest.xml:211:13-55
223            android:exported="true"
223-->src\main\AndroidManifest.xml:212:13-36
224            android:screenOrientation="portrait"
224-->src\main\AndroidManifest.xml:213:13-49
225            android:windowSoftInputMode="stateAlwaysHidden" />
225-->src\main\AndroidManifest.xml:214:13-60
226        <activity
226-->src\main\AndroidManifest.xml:215:9-219:63
227            android:name="com.fruitvendorapp.activities.PickAPlanActivity"
227-->src\main\AndroidManifest.xml:216:13-57
228            android:exported="true"
228-->src\main\AndroidManifest.xml:217:13-36
229            android:screenOrientation="portrait"
229-->src\main\AndroidManifest.xml:218:13-49
230            android:windowSoftInputMode="stateAlwaysHidden" />
230-->src\main\AndroidManifest.xml:219:13-60
231        <activity
231-->src\main\AndroidManifest.xml:220:9-224:63
232            android:name="com.fruitvendorapp.activities.DashboardActivity"
232-->src\main\AndroidManifest.xml:221:13-57
233            android:exported="true"
233-->src\main\AndroidManifest.xml:222:13-36
234            android:screenOrientation="portrait"
234-->src\main\AndroidManifest.xml:223:13-49
235            android:windowSoftInputMode="stateAlwaysHidden" />
235-->src\main\AndroidManifest.xml:224:13-60
236        <activity
236-->src\main\AndroidManifest.xml:225:9-229:63
237            android:name="com.fruitvendorapp.activities.ResetPassActivity"
237-->src\main\AndroidManifest.xml:226:13-57
238            android:exported="true"
238-->src\main\AndroidManifest.xml:227:13-36
239            android:screenOrientation="portrait"
239-->src\main\AndroidManifest.xml:228:13-49
240            android:windowSoftInputMode="stateAlwaysHidden" />
240-->src\main\AndroidManifest.xml:229:13-60
241        <activity
241-->src\main\AndroidManifest.xml:230:9-234:63
242            android:name="com.fruitvendorapp.activities.ForgotPassActivity"
242-->src\main\AndroidManifest.xml:231:13-58
243            android:exported="true"
243-->src\main\AndroidManifest.xml:232:13-36
244            android:screenOrientation="portrait"
244-->src\main\AndroidManifest.xml:233:13-49
245            android:windowSoftInputMode="stateAlwaysHidden" />
245-->src\main\AndroidManifest.xml:234:13-60
246        <activity
246-->src\main\AndroidManifest.xml:235:9-239:63
247            android:name="com.fruitvendorapp.activities.OTPVerifyActivity"
247-->src\main\AndroidManifest.xml:236:13-57
248            android:exported="true"
248-->src\main\AndroidManifest.xml:237:13-36
249            android:screenOrientation="portrait"
249-->src\main\AndroidManifest.xml:238:13-49
250            android:windowSoftInputMode="stateAlwaysHidden" />
250-->src\main\AndroidManifest.xml:239:13-60
251        <activity
251-->src\main\AndroidManifest.xml:240:9-244:63
252            android:name="com.fruitvendorapp.activities.SignUpActivity"
252-->src\main\AndroidManifest.xml:241:13-54
253            android:exported="true"
253-->src\main\AndroidManifest.xml:242:13-36
254            android:screenOrientation="portrait"
254-->src\main\AndroidManifest.xml:243:13-49
255            android:windowSoftInputMode="stateAlwaysHidden" />
255-->src\main\AndroidManifest.xml:244:13-60
256        <activity
256-->src\main\AndroidManifest.xml:245:9-249:63
257            android:name="com.fruitvendorapp.activities.LoginActivity"
257-->src\main\AndroidManifest.xml:246:13-53
258            android:exported="true"
258-->src\main\AndroidManifest.xml:247:13-36
259            android:screenOrientation="portrait"
259-->src\main\AndroidManifest.xml:248:13-49
260            android:windowSoftInputMode="stateAlwaysHidden" />
260-->src\main\AndroidManifest.xml:249:13-60
261        <activity
261-->src\main\AndroidManifest.xml:250:9-254:63
262            android:name="com.fruitvendorapp.activities.WalkThroughActivity"
262-->src\main\AndroidManifest.xml:251:13-59
263            android:exported="true"
263-->src\main\AndroidManifest.xml:252:13-36
264            android:screenOrientation="portrait"
264-->src\main\AndroidManifest.xml:253:13-49
265            android:windowSoftInputMode="stateAlwaysHidden" />
265-->src\main\AndroidManifest.xml:254:13-60
266        <activity
266-->src\main\AndroidManifest.xml:255:9-259:63
267            android:name="com.fruitvendorapp.activities.PickupSlotSelectionActivity"
267-->src\main\AndroidManifest.xml:256:13-67
268            android:exported="true"
268-->src\main\AndroidManifest.xml:257:13-36
269            android:screenOrientation="portrait"
269-->src\main\AndroidManifest.xml:258:13-49
270            android:windowSoftInputMode="stateAlwaysHidden" />
270-->src\main\AndroidManifest.xml:259:13-60
271        <activity
271-->src\main\AndroidManifest.xml:260:9-270:20
272            android:name="com.fruitvendorapp.activities.SplashActivity"
272-->src\main\AndroidManifest.xml:261:13-54
273            android:exported="true"
273-->src\main\AndroidManifest.xml:262:13-36
274            android:screenOrientation="portrait"
274-->src\main\AndroidManifest.xml:263:13-49
275            android:windowSoftInputMode="stateAlwaysHidden" >
275-->src\main\AndroidManifest.xml:264:13-60
276            <intent-filter>
276-->src\main\AndroidManifest.xml:265:13-269:29
277                <action android:name="android.intent.action.MAIN" />
277-->src\main\AndroidManifest.xml:266:17-69
277-->src\main\AndroidManifest.xml:266:25-66
278
279                <category android:name="android.intent.category.LAUNCHER" />
279-->src\main\AndroidManifest.xml:268:17-77
279-->src\main\AndroidManifest.xml:268:27-74
280            </intent-filter>
281        </activity>
282
283        <service
283-->src\main\AndroidManifest.xml:272:9-278:19
284            android:name="com.fruitvendorapp.fcm.MyFirebaseMessagingService"
284-->src\main\AndroidManifest.xml:273:13-59
285            android:exported="true" >
285-->src\main\AndroidManifest.xml:274:13-36
286            <intent-filter>
286-->src\main\AndroidManifest.xml:275:13-277:29
287                <action android:name="com.google.firebase.MESSAGING_EVENT" />
287-->src\main\AndroidManifest.xml:276:17-78
287-->src\main\AndroidManifest.xml:276:25-75
288            </intent-filter>
289        </service>
290        <service
290-->src\main\AndroidManifest.xml:279:9-285:19
291            android:name="com.fruitvendorapp.fcm.MyFirebaseInstanceIdService"
291-->src\main\AndroidManifest.xml:280:13-60
292            android:exported="true" >
292-->src\main\AndroidManifest.xml:281:13-36
293            <intent-filter>
293-->src\main\AndroidManifest.xml:282:13-284:29
294                <action android:name="com.google.firebase.INSTANCE_ID_EVENT" />
294-->src\main\AndroidManifest.xml:283:17-80
294-->src\main\AndroidManifest.xml:283:25-77
295            </intent-filter>
296        </service>
297
298        <meta-data
298-->src\main\AndroidManifest.xml:287:9-289:71
299            android:name="com.google.firebase.messaging.default_notification_channel_id"
299-->src\main\AndroidManifest.xml:288:13-89
300            android:value="@string/default_notification_channel_id" />
300-->src\main\AndroidManifest.xml:289:13-68
301        <meta-data
301-->src\main\AndroidManifest.xml:290:9-292:55
302            android:name="com.google.firebase.messaging.default_notification_icon"
302-->src\main\AndroidManifest.xml:291:13-83
303            android:resource="@drawable/heart_logo" />
303-->src\main\AndroidManifest.xml:292:13-52
304        <meta-data
304-->src\main\AndroidManifest.xml:293:9-295:53
305            android:name="com.google.firebase.messaging.default_notification_color"
305-->src\main\AndroidManifest.xml:294:13-84
306            android:resource="@color/black_trans" />
306-->src\main\AndroidManifest.xml:295:13-50
307        <meta-data
307-->src\main\AndroidManifest.xml:296:9-298:105
308            android:name="io.sentry.dsn"
308-->src\main\AndroidManifest.xml:297:13-41
309            android:value="https://933c490dd5af4feb96c20ff6117aafe5@o567077.ingest.sentry.io/5710631" />
309-->src\main\AndroidManifest.xml:298:13-102
310
311        <provider
311-->src\main\AndroidManifest.xml:300:9-308:20
312            android:name="com.fruitvendorapp.utilities.GenericFileProvider"
312-->src\main\AndroidManifest.xml:301:13-58
313            android:authorities="com.fruitvendorapp.fileprovider"
313-->src\main\AndroidManifest.xml:302:13-66
314            android:exported="false"
314-->src\main\AndroidManifest.xml:303:13-37
315            android:grantUriPermissions="true" >
315-->src\main\AndroidManifest.xml:304:13-47
316            <meta-data
316-->src\main\AndroidManifest.xml:305:13-307:58
317                android:name="android.support.FILE_PROVIDER_PATHS"
317-->src\main\AndroidManifest.xml:306:17-67
318                android:resource="@xml/external_files" />
318-->src\main\AndroidManifest.xml:307:17-55
319        </provider>
320
321        <receiver
321-->src\main\AndroidManifest.xml:310:9-320:20
322            android:name="com.fruitvendorapp.fcm.MySMSBroadCastReceiver"
322-->src\main\AndroidManifest.xml:311:13-55
323            android:exported="true"
323-->src\main\AndroidManifest.xml:312:13-36
324            android:permission="com.google.android.c2dm.permission.SEND" >